<?xml version="1.0" encoding="UTF-8"?>
<!-- Generated by org.testng.reporters.JUnitReportReporter -->
<testsuite hostname="DESKTOP-43GKFB3" failures="0" tests="2" name="tests.LoginTest" time="7.870" errors="0" timestamp="24 Apr 2023 14:04:50 GMT" skipped="0">
  <testcase classname="tests.LoginTest" name="setupTest" time="1.123"/>
  <testcase classname="tests.LoginTest" name="login_success" time="6.747"/>
</testsuite> <!-- tests.LoginTest -->
